Unable to capture context for thread 4044 in process 5900, can not generate back trace
Exception at PC 0x000007FEAE7EBB93
Printing stacktrace...

[0]  [0x000007FEAE7EBB93]
[1]  [0x000007FEAE7EBB93]
[2]  [0x000007FEAE7EB4A1]
[3]  [0x000007FEAE7EB3EF]
[4]  [0x000007FEAE7D19FE]
[5]  [0x000007FEAE7D0ED1]
[6]  [0x000007FEAE7D0D76]
[7]  [0x000007FEAE7779F6]
[8]  [0x000007FEAE767AFB]
[9]  [0x000007FEAE88E90A]
[10]  [0x000007FEAE8A9F87]
[11]  [0x000007FEAE8AA05F]
[12] (BaseThreadInitThunk+0xd) [0x00000000774D59CD]
[13] (RtlUserThreadStart+0x21) [0x000000007760A561]
Done
Exception at PC 0x000007FEAE4F1A52
Attemped to write at address 0x000007FEE6C1ABA4
Printing stacktrace...

[0]  [0x000007FEAE4F1A52]
[1]  [0x000007FEAE4F1A52]
[2]  [0x000007FEAE4F1AD4]
[3]  [0x000007FEAE633FF7]
[4]  [0x000007FEAE519128]
[5]  [0x000007FEAE7CDFB9]
[6]  [0x000007FEAE99EF23]
[7]  [0x000007FEAE8AB06B]
[8]  [0x000007FEAE8A08AF]
[9]  [0x000007FEAE8A0A32]
[10] (LdrShutdownProcess+0x1d1) [0x0000000077602AC1]
[11] (RtlExitUserProcess+0x90) [0x00000000776028D0]
[12] (wcstoui64+0x2fa) [0x000007FEFEDA99E2]
[13]  [0x00000000004014CD]
[14]  [0x000000000040151B]
[15] (BaseThreadInitThunk+0xd) [0x00000000774D59CD]
[16] (RtlUserThreadStart+0x21) [0x000000007760A561]
Done
