INFO: [VRFC 10-2263] Analyzing Verilog file "C:/Users/cao2/Desktop/soci/soci/soc_ic/soc_ic.sim/sim_1/synth/timing/top_time_synth.v" into library xil_defaultlib
INFO: [VRFC 10-311] analyzing module RAM32M_UNIQ_BASE_
INFO: [VRFC 10-311] analyzing module RAM32M_HD1
INFO: [VRFC 10-311] analyzing module RAM32M_HD10
INFO: [VRFC 10-311] analyzing module RAM32M_HD11
INFO: [VRFC 10-311] analyzing module RAM32M_HD12
INFO: [VRFC 10-311] analyzing module RAM32M_HD13
INFO: [VRFC 10-311] analyzing module RAM32M_HD14
INFO: [VRFC 10-311] analyzing module RAM32M_HD15
INFO: [VRFC 10-311] analyzing module RAM32M_HD16
INFO: [VRFC 10-311] analyzing module RAM32M_HD17
INFO: [VRFC 10-311] analyzing module RAM32M_HD18
INFO: [VRFC 10-311] analyzing module RAM32M_HD19
INFO: [VRFC 10-311] analyzing module RAM32M_HD2
INFO: [VRFC 10-311] analyzing module RAM32M_HD20
INFO: [VRFC 10-311] analyzing module RAM32M_HD21
INFO: [VRFC 10-311] analyzing module RAM32M_HD22
INFO: [VRFC 10-311] analyzing module RAM32M_HD23
INFO: [VRFC 10-311] analyzing module RAM32M_HD24
INFO: [VRFC 10-311] analyzing module RAM32M_HD25
INFO: [VRFC 10-311] analyzing module RAM32M_HD26
INFO: [VRFC 10-311] analyzing module RAM32M_HD27
INFO: [VRFC 10-311] analyzing module RAM32M_HD28
INFO: [VRFC 10-311] analyzing module RAM32M_HD29
INFO: [VRFC 10-311] analyzing module RAM32M_HD3
INFO: [VRFC 10-311] analyzing module RAM32M_HD30
INFO: [VRFC 10-311] analyzing module RAM32M_HD31
INFO: [VRFC 10-311] analyzing module RAM32M_HD32
INFO: [VRFC 10-311] analyzing module RAM32M_HD33
INFO: [VRFC 10-311] analyzing module RAM32M_HD34
INFO: [VRFC 10-311] analyzing module RAM32M_HD35
INFO: [VRFC 10-311] analyzing module RAM32M_HD36
INFO: [VRFC 10-311] analyzing module RAM32M_HD37
INFO: [VRFC 10-311] analyzing module RAM32M_HD38
INFO: [VRFC 10-311] analyzing module RAM32M_HD39
INFO: [VRFC 10-311] analyzing module RAM32M_HD4
INFO: [VRFC 10-311] analyzing module RAM32M_HD40
INFO: [VRFC 10-311] analyzing module RAM32M_HD41
INFO: [VRFC 10-311] analyzing module RAM32M_HD42
INFO: [VRFC 10-311] analyzing module RAM32M_HD43
INFO: [VRFC 10-311] analyzing module RAM32M_HD5
INFO: [VRFC 10-311] analyzing module RAM32M_HD6
INFO: [VRFC 10-311] analyzing module RAM32M_HD7
INFO: [VRFC 10-311] analyzing module RAM32M_HD8
INFO: [VRFC 10-311] analyzing module RAM32M_HD9
INFO: [VRFC 10-311] analyzing module arbiter2
INFO: [VRFC 10-311] analyzing module arbiter2_19
INFO: [VRFC 10-311] analyzing module arbiter2_24
INFO: [VRFC 10-311] analyzing module arbiter2_26
INFO: [VRFC 10-311] analyzing module arbiter2_ack
INFO: [VRFC 10-311] analyzing module arbiter2_ack_41
INFO: [VRFC 10-311] analyzing module arbiter2_ack_43
INFO: [VRFC 10-311] analyzing module arbiter6
INFO: [VRFC 10-311] analyzing module arbiter6_25
INFO: [VRFC 10-311] analyzing module arbiter6_30
INFO: [VRFC 10-311] analyzing module arbiter6_35
INFO: [VRFC 10-311] analyzing module arbiter6_37
INFO: [VRFC 10-311] analyzing module arbiter6_38
INFO: [VRFC 10-311] analyzing module arbiter6_47
INFO: [VRFC 10-311] analyzing module arbiter6_50
INFO: [VRFC 10-311] analyzing module arbiter6_ack
INFO: [VRFC 10-311] analyzing module arbiter6_ack_40
INFO: [VRFC 10-311] analyzing module arbiter7
INFO: [VRFC 10-311] analyzing module b_arbiter6
INFO: [VRFC 10-311] analyzing module b_c_arbiter6
INFO: [VRFC 10-311] analyzing module b_c_arbiter6_29
INFO: [VRFC 10-311] analyzing module b_fifo
INFO: [VRFC 10-311] analyzing module b_fifo_22
INFO: [VRFC 10-311] analyzing module b_fifo__parameterized0
INFO: [VRFC 10-311] analyzing module b_fifo__parameterized0_53
INFO: [VRFC 10-311] analyzing module cache_req_m
INFO: [VRFC 10-311] analyzing module cache_req_m_33
INFO: [VRFC 10-311] analyzing module fifo
INFO: [VRFC 10-311] analyzing module fifo_20
INFO: [VRFC 10-311] analyzing module fifo_23
INFO: [VRFC 10-311] analyzing module fifo_27
INFO: [VRFC 10-311] analyzing module fifo_28
INFO: [VRFC 10-311] analyzing module fifo__parameterized0
INFO: [VRFC 10-311] analyzing module fifo__parameterized1
INFO: [VRFC 10-311] analyzing module fifo__parameterized1_32
INFO: [VRFC 10-311] analyzing module fifo__parameterized1_45
INFO: [VRFC 10-311] analyzing module fifo_snp
INFO: [VRFC 10-311] analyzing module fifo_uart
INFO: [VRFC 10-311] analyzing module fifo_uart_18
INFO: [VRFC 10-311] analyzing module ic
INFO: [VRFC 10-311] analyzing module l1_cache
INFO: [VRFC 10-311] analyzing module l1_cache_21
INFO: [VRFC 10-311] analyzing module memory
INFO: [VRFC 10-311] analyzing module mod_m_counter
INFO: [VRFC 10-311] analyzing module monitor_axi_read
INFO: [VRFC 10-311] analyzing module monitor_axi_read_11
INFO: [VRFC 10-311] analyzing module monitor_axi_read_16
INFO: [VRFC 10-311] analyzing module monitor_axi_read_3
INFO: [VRFC 10-311] analyzing module monitor_axi_read_5
INFO: [VRFC 10-311] analyzing module monitor_axi_write
INFO: [VRFC 10-311] analyzing module monitor_axi_write_12
INFO: [VRFC 10-311] analyzing module monitor_axi_write_17
INFO: [VRFC 10-311] analyzing module monitor_axi_write_4
INFO: [VRFC 10-311] analyzing module monitor_axi_write_6
INFO: [VRFC 10-311] analyzing module monitor_cacheline
INFO: [VRFC 10-311] analyzing module monitor_cacheline_10
INFO: [VRFC 10-311] analyzing module monitor_customized
INFO: [VRFC 10-311] analyzing module monitor_customized_0
INFO: [VRFC 10-311] analyzing module monitor_customized_13
INFO: [VRFC 10-311] analyzing module monitor_customized_14
INFO: [VRFC 10-311] analyzing module monitor_customized_8
INFO: [VRFC 10-311] analyzing module monitor_customized_9
INFO: [VRFC 10-311] analyzing module monitor_customized_B
INFO: [VRFC 10-311] analyzing module monitor_customized_B_1
INFO: [VRFC 10-311] analyzing module msg_fifo_m
INFO: [VRFC 10-311] analyzing module msg_fifo_m_31
INFO: [VRFC 10-311] analyzing module per_upreq_m
INFO: [VRFC 10-311] analyzing module per_upreq_m_34
INFO: [VRFC 10-311] analyzing module per_upreq_m_46
INFO: [VRFC 10-311] analyzing module per_upreq_m_49
INFO: [VRFC 10-311] analyzing module per_write_m
INFO: [VRFC 10-311] analyzing module per_write_m_36
INFO: [VRFC 10-311] analyzing module per_write_m_48
INFO: [VRFC 10-311] analyzing module per_write_m_51
INFO: [VRFC 10-311] analyzing module peripheral
INFO: [VRFC 10-311] analyzing module peripheral_15
INFO: [VRFC 10-311] analyzing module peripheral_2
INFO: [VRFC 10-311] analyzing module proc
INFO: [VRFC 10-311] analyzing module proc_7
INFO: [VRFC 10-311] analyzing module pwr
INFO: [VRFC 10-311] analyzing module real_mem
INFO: [VRFC 10-311] analyzing module top
INFO: [VRFC 10-311] analyzing module toper_chan_m
INFO: [VRFC 10-311] analyzing module toper_chan_m_39
INFO: [VRFC 10-311] analyzing module toper_chan_m_42
INFO: [VRFC 10-311] analyzing module toper_chan_m_44
INFO: [VRFC 10-311] analyzing module uart
INFO: [VRFC 10-311] analyzing module uart_peripheral
INFO: [VRFC 10-311] analyzing module uart_rx
INFO: [VRFC 10-311] analyzing module uart_tx
INFO: [VRFC 10-311] analyzing module wb_m
INFO: [VRFC 10-311] analyzing module wb_m_52
INFO: [VRFC 10-311] analyzing module glbl
